<?xml version="1.0" encoding="UTF-8"?>
<testsuite xmlns:xsi="http://www.w3.org/2001/XMLSchema-instance" xsi:noNamespaceSchemaLocation="https://maven.apache.org/surefire/maven-surefire-plugin/xsd/surefire-test-report-3.0.xsd" version="3.0" name="ca.ulaval.coroute.api.controller.TrajetResourceTest" time="4.773" tests="9" errors="0" skipped="0" failures="0">
  <properties>
[...]
</properties>
  <testcase name="givenExistingReservation_whenCancelReservation_thenReturn204AndServiceCalled" classname="ca.ulaval.coroute.api.controller.TrajetResourceTest" time="4.249">
    <system-err><![CDATA[WARNING: A Java agent has been loaded dynamically (C:\Users\LTEF\.m2\repository\net\bytebuddy\byte-buddy-agent\1.14.12\byte-buddy-agent-1.14.12.jar)
WARNING: If a serviceability tool is in use, please run with -XX:+EnableDynamicAgentLoading to hide this warning
WARNING: If a serviceability tool is not in use, please run with -Djdk.instrument.traceUsage for more information
WARNING: Dynamic loading of agents will be disallowed by default in a future release
]]></system-err>
  </testcase>
  <testcase name="givenValidRequest_whenCreateTrajet_thenReturn201WithLocation" classname="ca.ulaval.coroute.api.controller.TrajetResourceTest" time="0.064"/>
  <testcase name="givenNoTrajetsInService_whenFindAll_thenReturn200WithEmptyList" classname="ca.ulaval.coroute.api.controller.TrajetResourceTest" time="0.021"/>
  <testcase name="givenExistingTrajet_whenGetReservations_thenReturn200WithList" classname="ca.ulaval.coroute.api.controller.TrajetResourceTest" time="0.02"/>
  <testcase name="givenFilters_whenFindAll_thenReturn200WithFilteredTrajets" classname="ca.ulaval.coroute.api.controller.TrajetResourceTest" time="0.041"/>
  <testcase name="givenExistingTrajet_whenDeleteTrajet_thenReturn204AndServiceCalled" classname="ca.ulaval.coroute.api.controller.TrajetResourceTest" time="0.021"/>
  <testcase name="givenExistingTrajetId_whenGetTrajet_thenReturn200WithTrajet" classname="ca.ulaval.coroute.api.controller.TrajetResourceTest" time="0.103"/>
  <testcase name="givenValidRequest_whenCreateReservation_thenReturn201WithLocation" classname="ca.ulaval.coroute.api.controller.TrajetResourceTest" time="0.066"/>
  <testcase name="givenTrajetsInService_whenFindAll_thenReturn200WithListOfTrajets" classname="ca.ulaval.coroute.api.controller.TrajetResourceTest" time="0.103"/>
</testsuite>